2020-07-31 18:15:44,272: DEBUG:  i am processing here..858855
2020-07-31 18:15:44,273: ERROR:  and i am done.
2020-07-31 18:15:44,740: DEBUG:  i am processing here..858855
2020-07-31 18:15:44,740: ERROR:  and i am done.
2020-07-31 18:15:49,624: DEBUG:  bot processed here ..33True
2020-07-31 18:15:49,625: DEBUG:  connection is still open
2020-07-31 18:15:49,627: ERROR:  and bot is done.
2020-07-31 18:15:50,041: DEBUG:  bot processed here ..33True
2020-07-31 18:15:50,042: DEBUG:  connection is still open
2020-07-31 18:15:50,043: ERROR:  and bot is done.
2020-07-31 18:15:53,581: DEBUG:  bot processed here ..33True
2020-07-31 18:15:53,582: DEBUG:  connection is still open
2020-07-31 18:15:53,585: ERROR:  and bot is done.
2020-07-31 18:16:28,721: DEBUG:  i am processing here..jovensalud_1133556
2020-07-31 18:16:28,722: ERROR:  and i am done.
2020-07-31 18:17:09,594: DEBUG:  i am processing here..jovensalud_1133556
2020-07-31 18:17:09,594: ERROR:  and i am done.
2020-07-31 18:17:39,823: DEBUG:  bot processed here ..33False
2020-07-31 18:17:39,823: DEBUG:  connection is closed now.. writing logic for reconnecting
2020-07-31 18:17:39,852: DEBUG: simple connect statement, now sending data
2020-07-31 18:17:39,852: ERROR:  and bot is done.
2020-07-31 18:17:40,937: DEBUG:  i am processing here..858855
2020-07-31 18:17:40,938: ERROR:  and i am done.
2020-07-31 18:20:41,072: DEBUG:  i am processing here..858855
2020-07-31 18:20:41,073: ERROR:  and i am done.
2020-07-31 18:20:41,473: DEBUG:  i am processing here..858855
2020-07-31 18:20:41,474: ERROR:  and i am done.
2020-07-31 18:20:41,620: DEBUG:  i am processing here..858855
2020-07-31 18:20:41,620: ERROR:  and i am done.
2020-07-31 18:20:46,314: DEBUG:  bot processed here ..33True
2020-07-31 18:20:46,316: DEBUG:  connection is still open
2020-07-31 18:20:46,317: ERROR:  and bot is done.
2020-07-31 18:20:46,596: DEBUG:  bot processed here ..33True
2020-07-31 18:20:46,598: DEBUG:  connection is still open
2020-07-31 18:20:46,600: ERROR:  and bot is done.
2020-07-31 18:20:46,723: DEBUG:  bot processed here ..33True
2020-07-31 18:20:46,723: DEBUG:  connection is still open
2020-07-31 18:20:46,724: ERROR:  and bot is done.
